# JRE version: Java(TM) SE Runtime Environment (8.0_25-b18) (build 1.8.0_25-b18)
# Java VM: Java HotSpot(TM) 64-Bit Server VM (25.25-b02 mixed mode windows-amd64 compressed oops)
Heap:
 PSYoungGen      total 257024K, used 92141K [0x00000000eab00000, 0x0000000100000000, 0x0000000100000000)
  eden space 164864K, 0% used [0x00000000eab00000,0x00000000eab00000,0x00000000f4c00000)
  from space 92160K, 99% used [0x00000000f4c00000,0x00000000fa5fb718,0x00000000fa600000)
  to   space 92160K, 0% used [0x00000000fa600000,0x00000000fa600000,0x0000000100000000)
 ParOldGen       total 183808K, used 148685K [0x00000000c0000000, 0x00000000cb380000, 0x00000000eab00000)
  object space 183808K, 80% used [0x00000000c0000000,0x00000000c91335d8,0x00000000cb380000)
 Metaspace       used 6349K, capacity 7192K, committed 7424K, reserved 1056768K
  class space    used 610K, capacity 656K, committed 768K, reserved 1048576K
GC Heap History (10 events):
Event: 6.301 GC heap after
Heap after GC invocations=6 (full 0):
 PSYoungGen      total 131072K, used 19444K [0x00000000eab00000, 0x00000000f7700000, 0x0000000100000000)
  eden space 111616K, 0% used [0x00000000eab00000,0x00000000eab00000,0x00000000f1800000)
  from space 19456K, 99% used [0x00000000f3e00000,0x00000000f50fd260,0x00000000f5100000)
  to   space 38912K, 0% used [0x00000000f1800000,0x00000000f1800000,0x00000000f3e00000)
 ParOldGen       total 86016K, used 55122K [0x00000000c0000000, 0x00000000c5400000, 0x00000000eab00000)
  object space 86016K, 64% used [0x00000000c0000000,0x00000000c35d4810,0x00000000c5400000)
 Metaspace       used 6339K, capacity 7128K, committed 7424K, reserved 1056768K
  class space    used 608K, capacity 656K, committed 768K, reserved 1048576K
}
Event: 6.343 GC heap before
{Heap before GC invocations=7 (full 0):
 PSYoungGen      total 131072K, used 131060K [0x00000000eab00000, 0x00000000f7700000, 0x0000000100000000)
  eden space 111616K, 100% used [0x00000000eab00000,0x00000000f1800000,0x00000000f1800000)
  from space 19456K, 99% used [0x00000000f3e00000,0x00000000f50fd260,0x00000000f5100000)
  to   space 38912K, 0% used [0x00000000f1800000,0x00000000f1800000,0x00000000f3e00000)
 ParOldGen       total 86016K, used 55122K [0x00000000c0000000, 0x00000000c5400000, 0x00000000eab00000)
  object space 86016K, 64% used [0x00000000c0000000,0x00000000c35d4810,0x00000000c5400000)
 Metaspace       used 6339K, capacity 7128K, committed 7424K, reserved 1056768K
  class space    used 608K, capacity 656K, committed 768K, reserved 1048576K
Event: 6.389 GC heap after
Heap after GC invocations=7 (full 0):
 PSYoungGen      total 150528K, used 38884K [0x00000000eab00000, 0x0000000100000000, 0x0000000100000000)
  eden space 111616K, 0% used [0x00000000eab00000,0x00000000eab00000,0x00000000f1800000)
  from space 38912K, 99% used [0x00000000f1800000,0x00000000f3df9000,0x00000000f3e00000)
  to   space 69632K, 0% used [0x00000000fbc00000,0x00000000fbc00000,0x0000000100000000)
 ParOldGen       total 100352K, used 100271K [0x00000000c0000000, 0x00000000c6200000, 0x00000000eab00000)
  object space 100352K, 99% used [0x00000000c0000000,0x00000000c61ebdb0,0x00000000c6200000)
 Metaspace       used 6339K, capacity 7128K, committed 7424K, reserved 1056768K
  class space    used 608K, capacity 656K, committed 768K, reserved 1048576K
}
Event: 6.389 GC heap before
{Heap before GC invocations=8 (full 1):
 PSYoungGen      total 150528K, used 38884K [0x00000000eab00000, 0x0000000100000000, 0x0000000100000000)
  eden space 111616K, 0% used [0x00000000eab00000,0x00000000eab00000,0x00000000f1800000)
  from space 38912K, 99% used [0x00000000f1800000,0x00000000f3df9000,0x00000000f3e00000)
  to   space 69632K, 0% used [0x00000000fbc00000,0x00000000fbc00000,0x0000000100000000)
 ParOldGen       total 100352K, used 100271K [0x00000000c0000000, 0x00000000c6200000, 0x00000000eab00000)
  object space 100352K, 99% used [0x00000000c0000000,0x00000000c61ebdb0,0x00000000c6200000)
 Metaspace       used 6339K, capacity 7128K, committed 7424K, reserved 1056768K
  class space    used 608K, capacity 656K, committed 768K, reserved 1048576K
Event: 6.877 GC heap after
Heap after GC invocations=8 (full 1):
 PSYoungGen      total 150528K, used 29215K [0x00000000eab00000, 0x0000000100000000, 0x0000000100000000)
  eden space 111616K, 0% used [0x00000000eab00000,0x00000000eab00000,0x00000000f1800000)
  from space 38912K, 75% used [0x00000000f1800000,0x00000000f3487fb0,0x00000000f3e00000)
  to   space 69632K, 0% used [0x00000000fbc00000,0x00000000fbc00000,0x0000000100000000)
 ParOldGen       total 183808K, used 100216K [0x00000000c0000000, 0x00000000cb380000, 0x00000000eab00000)
  object space 183808K, 54% used [0x00000000c0000000,0x00000000c61de288,0x00000000cb380000)
 Metaspace       used 6339K, capacity 7128K, committed 7424K, reserved 1056768K
  class space    used 608K, capacity 656K, committed 768K, reserved 1048576K
}
Event: 6.996 GC heap before
{Heap before GC invocations=9 (full 1):
 PSYoungGen      total 150528K, used 140831K [0x00000000eab00000, 0x0000000100000000, 0x0000000100000000)
  eden space 111616K, 100% used [0x00000000eab00000,0x00000000f1800000,0x00000000f1800000)
  from space 38912K, 75% used [0x00000000f1800000,0x00000000f3487fb0,0x00000000f3e00000)
  to   space 69632K, 0% used [0x00000000fbc00000,0x00000000fbc00000,0x0000000100000000)
 ParOldGen       total 183808K, used 100216K [0x00000000c0000000, 0x00000000cb380000, 0x00000000eab00000)
  object space 183808K, 54% used [0x00000000c0000000,0x00000000c61de288,0x00000000cb380000)
 Metaspace       used 6342K, capacity 7128K, committed 7424K, reserved 1056768K
  class space    used 609K, capacity 656K, committed 768K, reserved 1048576K
Event: 7.133 GC heap after
Heap after GC invocations=9 (full 1):
 PSYoungGen      total 234496K, used 69604K [0x00000000eab00000, 0x0000000100000000, 0x0000000100000000)
  eden space 164864K, 0% used [0x00000000eab00000,0x00000000eab00000,0x00000000f4c00000)
  from space 69632K, 99% used [0x00000000fbc00000,0x00000000ffff91a8,0x0000000100000000)
  to   space 92160K, 0% used [0x00000000f4c00000,0x00000000f4c00000,0x00000000fa600000)
 ParOldGen       total 183808K, used 119400K [0x00000000c0000000, 0x00000000cb380000, 0x00000000eab00000)
  object space 183808K, 64% used [0x00000000c0000000,0x00000000c749a288,0x00000000cb380000)
 Metaspace       used 6342K, capacity 7128K, committed 7424K, reserved 1056768K
  class space    used 609K, capacity 656K, committed 768K, reserved 1048576K
}
Event: 8.246 GC heap before
{Heap before GC invocations=10 (full 1):
 PSYoungGen      total 234496K, used 234468K [0x00000000eab00000, 0x0000000100000000, 0x0000000100000000)
  eden space 164864K, 100% used [0x00000000eab00000,0x00000000f4c00000,0x00000000f4c00000)
  from space 69632K, 99% used [0x00000000fbc00000,0x00000000ffff91a8,0x0000000100000000)
  to   space 92160K, 0% used [0x00000000f4c00000,0x00000000f4c00000,0x00000000fa600000)
 ParOldGen       total 183808K, used 119400K [0x00000000c0000000, 0x00000000cb380000, 0x00000000eab00000)
  object space 183808K, 64% used [0x00000000c0000000,0x00000000c749a288,0x00000000cb380000)
 Metaspace       used 6349K, capacity 7192K, committed 7424K, reserved 1056768K
  class space    used 610K, capacity 656K, committed 768K, reserved 1048576K
Event: 8.391 GC heap after
Heap after GC invocations=10 (full 1):
 PSYoungGen      total 257024K, used 92141K [0x00000000eab00000, 0x0000000100000000, 0x0000000100000000)
  eden space 164864K, 0% used [0x00000000eab00000,0x00000000eab00000,0x00000000f4c00000)
  from space 92160K, 99% used [0x00000000f4c00000,0x00000000fa5fb718,0x00000000fa600000)
  to   space 92160K, 0% used [0x00000000fa600000,0x00000000fa600000,0x0000000100000000)
 ParOldGen       total 183808K, used 148685K [0x00000000c0000000, 0x00000000cb380000, 0x00000000eab00000)
  object space 183808K, 80% used [0x00000000c0000000,0x00000000c91335d8,0x00000000cb380000)
 Metaspace       used 6349K, capacity 7192K, committed 7424K, reserved 1056768K
  class space    used 610K, capacity 656K, committed 768K, reserved 1048576K
}
Event: 8.391 GC heap before
{Heap before GC invocations=11 (full 2):
 PSYoungGen      total 257024K, used 92141K [0x00000000eab00000, 0x0000000100000000, 0x0000000100000000)
  eden space 164864K, 0% used [0x00000000eab00000,0x00000000eab00000,0x00000000f4c00000)
  from space 92160K, 99% used [0x00000000f4c00000,0x00000000fa5fb718,0x00000000fa600000)
  to   space 92160K, 0% used [0x00000000fa600000,0x00000000fa600000,0x0000000100000000)
 ParOldGen       total 183808K, used 148685K [0x00000000c0000000, 0x00000000cb380000, 0x00000000eab00000)
  object space 183808K, 80% used [0x00000000c0000000,0x00000000c91335d8,0x00000000cb380000)
 Metaspace       used 6349K, capacity 7192K, committed 7424K, reserved 1056768K
  class space    used 610K, capacity 656K, committed 768K, reserved 1048576K

